Fri Dec 30 2022 11:36:42 GMT+0400 (Armenia Standard Time): 
method GET 
url: /
Fri Dec 30 2022 11:36:52 GMT+0400 (Armenia Standard Time): 
method GET 
url: /about
Fri Dec 30 2022 11:40:28 GMT+0400 (Armenia Standard Time): 
method GET 
url: /
Fri Dec 30 2022 11:40:46 GMT+0400 (Armenia Standard Time): 
method GET 
url: /about
Fri Dec 30 2022 11:41:57 GMT+0400 (Armenia Standard Time): 
method GET 
url: /about
Fri Dec 30 2022 11:42:02 GMT+0400 (Armenia Standard Time): 
method GET 
url: /
Fri Dec 30 2022 11:42:12 GMT+0400 (Armenia Standard Time): 
method GET 
url: /file.html
Fri Dec 30 2022 11:42:43 GMT+0400 (Armenia Standard Time): 
method GET 
url: /file.html
Fri Dec 30 2022 11:42:50 GMT+0400 (Armenia Standard Time): 
method GET 
url: /file.html
Fri Dec 30 2022 11:42:50 GMT+0400 (Armenia Standard Time): 
method GET 
url: /file.html
Fri Dec 30 2022 11:42:58 GMT+0400 (Armenia Standard Time): 
method GET 
url: /
Fri Dec 30 2022 11:43:06 GMT+0400 (Armenia Standard Time): 
method GET 
url: /
Fri Dec 30 2022 11:43:13 GMT+0400 (Armenia Standard Time): 
method GET 
url: /file.html
